<?xml version="1.0" encoding="UTF-8"?>
<!-- Generated by org.testng.reporters.JUnitReportReporter -->
<testsuite hostname="Chaitra" failures="0" tests="3" name="com.salesforce.SFDCLoginMethod" time="39.197" errors="0" timestamp="2024-02-17T17:56:33 PST" skipped="0">
  <testcase classname="com.salesforce.SFDCLoginMethod" name="leads" time="15.626"/>
  <system-out/>
  <testcase classname="com.salesforce.SFDCLoginMethod" name="login" time="11.413"/>
  <system-out/>
  <testcase classname="com.salesforce.SFDCLoginMethod" name="oppurtunity" time="12.158"/>
  <system-out/>
</testsuite> <!-- com.salesforce.SFDCLoginMethod -->
