<?xml version="1.0" encoding="UTF-8"?>
<!-- Generated by org.testng.reporters.JUnitReportReporter -->
<testsuite hostname="Chaitra" failures="0" tests="5" name="com.salesforce.Oppurtunitycases" time="84.231" errors="0" timestamp="2024-02-20T16:26:17 PST" skipped="0">
  <testcase classname="com.salesforce.Oppurtunitycases" name="case17" time="11.826"/>
  <system-out/>
  <testcase classname="com.salesforce.Oppurtunitycases" name="case15" time="12.654"/>
  <system-out/>
  <testcase classname="com.salesforce.Oppurtunitycases" name="case16" time="25.129"/>
  <system-out/>
  <testcase classname="com.salesforce.Oppurtunitycases" name="case18" time="18.483"/>
  <system-out/>
  <testcase classname="com.salesforce.Oppurtunitycases" name="case19" time="16.139"/>
  <system-out/>
</testsuite> <!-- com.salesforce.Oppurtunitycases -->
