<?xml version="1.0" encoding="UTF-8"?>
<!-- Generated by org.testng.reporters.JUnitReportReporter -->
<testsuite hostname="Chaitra" failures="0" tests="3" name="com.testng.day1.TestNgTestTwo" time="0.019" errors="0" timestamp="2024-02-12T15:29:57 PST" skipped="0">
  <testcase classname="com.testng.day1.TestNgTestTwo" name="testscript_2" time="0.005"/>
  <system-out/>
  <testcase classname="com.testng.day1.TestNgTestTwo" name="testscript_1" time="0.010"/>
  <system-out/>
  <testcase classname="com.testng.day1.TestNgTestTwo" name="testscript_3" time="0.004"/>
  <system-out/>
</testsuite> <!-- com.testng.day1.TestNgTestTwo -->
