<?xml version="1.0" encoding="UTF-8"?>
<!-- Generated by org.testng.reporters.JUnitReportReporter -->
<testsuite hostname="Chaitra" failures="0" tests="3" name="com.testng.day2.DataproviderTest" time="0.011" errors="0" timestamp="2024-02-12T16:16:35 PST" skipped="0">
  <testcase classname="com.testng.day2.DataproviderTest" name="printDetails" time="0.003"/>
  <system-out/>
  <testcase classname="com.testng.day2.DataproviderTest" name="printDetails" time="0.007"/>
  <system-out/>
  <testcase classname="com.testng.day2.DataproviderTest" name="printDetails" time="0.001"/>
  <system-out/>
</testsuite> <!-- com.testng.day2.DataproviderTest -->
