<?xml version="1.0" encoding="UTF-8"?>
<!-- Generated by org.testng.reporters.JUnitReportReporter -->
<testsuite hostname="Chaitra" failures="0" tests="1" name="com.salesforce.Leads" time="20.611" errors="0" timestamp="2024-02-20T16:12:35 PST" skipped="0">
  <testcase classname="com.salesforce.Leads" name="case23" time="20.611"/>
  <system-out/>
</testsuite> <!-- com.salesforce.Leads -->
