<?xml version="1.0" encoding="UTF-8"?>
<!-- Generated by org.testng.reporters.JUnitReportReporter -->
<testsuite hostname="Chaitra" failures="0" tests="2" name="com.testng.day2.TestNGGroupsExample" time="0.015" errors="0" timestamp="2024-02-12T15:44:31 PST" skipped="0">
  <testcase classname="com.testng.day2.TestNGGroupsExample" name="testMethod2" time="0.004"/>
  <system-out/>
  <testcase classname="com.testng.day2.TestNGGroupsExample" name="testMethod1" time="0.011"/>
  <system-out/>
</testsuite> <!-- com.testng.day2.TestNGGroupsExample -->
