<?xml version="1.0" encoding="UTF-8"?>
<!-- Generated by org.testng.reporters.JUnitReportReporter -->
<testsuite hostname="Chaitra" failures="0" tests="3" name="com.testng.day1.TestNgTest11" time="0.006" errors="0" timestamp="2024-02-12T15:18:30 PST" skipped="0">
  <testcase classname="com.testng.day1.TestNgTest11" name="testscript_2" time="0.002"/>
  <system-out/>
  <testcase classname="com.testng.day1.TestNgTest11" name="testscript_1" time="0.002"/>
  <system-out/>
  <testcase classname="com.testng.day1.TestNgTest11" name="testscript_3" time="0.002"/>
  <system-out/>
</testsuite> <!-- com.testng.day1.TestNgTest11 -->
