<?xml version="1.0" encoding="UTF-8"?>
<!-- Generated by org.testng.reporters.JUnitReportReporter -->
<testsuite hostname="Chaitra" failures="0" tests="3" name="com.testng.day1.TestNgOne" time="0.010" errors="0" timestamp="2024-02-12T15:29:56 PST" skipped="0">
  <testcase classname="com.testng.day1.TestNgOne" name="testscript_2" time="0.008"/>
  <system-out/>
  <testcase classname="com.testng.day1.TestNgOne" name="testscript_3" time="0.001"/>
  <system-out/>
  <testcase classname="com.testng.day1.TestNgOne" name="testscript_1" time="0.001"/>
  <system-out/>
</testsuite> <!-- com.testng.day1.TestNgOne -->
