<?xml version="1.0" encoding="UTF-8"?>
<!-- Generated by org.testng.reporters.JUnitReportReporter -->
<testsuite hostname="Chaitra" failures="0" tests="8" name="com.salesforce.SFDCcontacts" time="106.390" errors="0" timestamp="2024-02-20T21:49:04 PST" skipped="0">
  <testcase classname="com.salesforce.SFDCcontacts" name="caseTC26" time="11.783"/>
  <system-out/>
  <testcase classname="com.salesforce.SFDCcontacts" name="CaseTC31" time="13.610"/>
  <system-out/>
  <testcase classname="com.salesforce.SFDCcontacts" name="caseTC28" time="12.544"/>
  <system-out/>
  <testcase classname="com.salesforce.SFDCcontacts" name="caseTc25" time="12.742"/>
  <system-out/>
  <testcase classname="com.salesforce.SFDCcontacts" name="caseTC27" time="12.005"/>
  <system-out/>
  <testcase classname="com.salesforce.SFDCcontacts" name="CaseTc30" time="14.568"/>
  <system-out/>
  <testcase classname="com.salesforce.SFDCcontacts" name="CaseTc32" time="15.401"/>
  <system-out/>
  <testcase classname="com.salesforce.SFDCcontacts" name="caseTC29" time="13.737"/>
  <system-out/>
</testsuite> <!-- com.salesforce.SFDCcontacts -->
