<?xml version="1.0" encoding="UTF-8"?>
<!-- Generated by org.testng.reporters.JUnitReportReporter -->
<testsuite hostname="Chaitra" failures="0" tests="1" name="com.salesforce.SalesforceLogin1" time="13.527" errors="0" timestamp="2024-02-20T18:02:14 PST" skipped="0">
  <testcase classname="com.salesforce.SalesforceLogin1" name="case2" time="13.527"/>
  <system-out/>
</testsuite> <!-- com.salesforce.SalesforceLogin1 -->
