<?xml version="1.0" encoding="UTF-8"?>
<!-- Generated by org.testng.reporters.JUnitReportReporter -->
<testsuite hostname="Chaitra" failures="0" tests="1" name="com.salesforce.AccountAutomation" time="26.599" errors="0" timestamp="2024-02-20T12:56:38 PST" skipped="0">
  <testcase classname="com.salesforce.AccountAutomation" name="CaseNew10a" time="26.599"/>
  <system-out/>
</testsuite> <!-- com.salesforce.AccountAutomation -->
